<?xml version="1.0" encoding="UTF-8"?>
<!-- Generated by org.testng.reporters.JUnitXMLReporter -->
<testsuite hostname="user-PC" ignored="0" tests="3" failures="0" timestamp="25 mar 2019 09:22:34 GMT" time="38.68" errors="0">
  <testcase name="addOneToCart" time="15.357" classname="TestProductDetails"/>
  <testcase name="addDifferentProductToCart" time="8.103" classname="TestProductDetails"/>
  <testcase name="addMoreThanOneToCart" time="7.88" classname="TestProductDetails"/>
</testsuite>
