<?xml version="1.0" encoding="UTF-8"?>
<testng-results skipped="0" failed="0" ignored="0" total="6" passed="6">
  <reporter-output>
  </reporter-output>
  <suite name="Sprint 1" duration-ms="65846" started-at="2019-04-03T06:51:42Z" finished-at="2019-04-03T06:52:47Z">
    <groups>
    </groups>
    <test name="TestLogin" duration-ms="27514" started-at="2019-04-03T06:51:42Z" finished-at="2019-04-03T06:52:09Z">
      <class name="TestLogin">
        <test-method status="PASS" signature="setup()[pri:0, instance:TestLogin@78c730]" name="setup" is-config="true" duration-ms="4505" started-at="2019-04-03T06:51:42Z" finished-at="2019-04-03T06:51:46Z">
          <reporter-output>
          </reporter-output>
        </test-method> <!-- setup -->
        <test-method status="PASS" signature="testLoginSuccessCase()[pri:0, instance:TestLogin@78c730]" name="testLoginSuccessCase" duration-ms="10734" started-at="2019-04-03T06:51:46Z" finished-at="2019-04-03T06:51:57Z">
          <reporter-output>
          </reporter-output>
        </test-method> <!-- testLoginSuccessCase -->
        <test-method status="PASS" signature="clean()[pri:0, instance:TestLogin@78c730]" name="clean" is-config="true" duration-ms="954" started-at="2019-04-03T06:51:57Z" finished-at="2019-04-03T06:51:58Z">
          <reporter-output>
          </reporter-output>
        </test-method> <!-- clean -->
        <test-method status="PASS" signature="testLoginEmpty()[pri:1, instance:TestLogin@78c730]" name="testLoginEmpty" duration-ms="1800" started-at="2019-04-03T06:51:58Z" finished-at="2019-04-03T06:52:00Z">
          <reporter-output>
          </reporter-output>
        </test-method> <!-- testLoginEmpty -->
        <test-method status="PASS" signature="clean()[pri:0, instance:TestLogin@78c730]" name="clean" is-config="true" duration-ms="856" started-at="2019-04-03T06:52:00Z" finished-at="2019-04-03T06:52:00Z">
          <reporter-output>
          </reporter-output>
        </test-method> <!-- clean -->
        <test-method status="PASS" signature="testLoginBadAccount()[pri:2, instance:TestLogin@78c730]" name="testLoginBadAccount" duration-ms="7022" started-at="2019-04-03T06:52:00Z" finished-at="2019-04-03T06:52:07Z">
          <reporter-output>
          </reporter-output>
        </test-method> <!-- testLoginBadAccount -->
        <test-method status="PASS" signature="clean()[pri:0, instance:TestLogin@78c730]" name="clean" is-config="true" duration-ms="964" started-at="2019-04-03T06:52:07Z" finished-at="2019-04-03T06:52:08Z">
          <reporter-output>
          </reporter-output>
        </test-method> <!-- clean -->
        <test-method status="PASS" signature="teardown()[pri:0, instance:TestLogin@78c730]" name="teardown" is-config="true" duration-ms="653" started-at="2019-04-03T06:52:08Z" finished-at="2019-04-03T06:52:09Z">
          <reporter-output>
          </reporter-output>
        </test-method> <!-- teardown -->
      </class> <!-- TestLogin -->
    </test> <!-- TestLogin -->
    <test name="ProductDetails" duration-ms="38321" started-at="2019-04-03T06:52:09Z" finished-at="2019-04-03T06:52:47Z">
      <class name="TestProductDetails">
        <test-method status="PASS" signature="setup()[pri:0, instance:TestProductDetails@3a8624]" name="setup" is-config="true" duration-ms="3348" started-at="2019-04-03T06:52:09Z" finished-at="2019-04-03T06:52:12Z">
          <reporter-output>
          </reporter-output>
        </test-method> <!-- setup -->
        <test-method status="PASS" signature="addOneToCart()[pri:0, instance:TestProductDetails@3a8624]" name="addOneToCart" duration-ms="15329" started-at="2019-04-03T06:52:12Z" finished-at="2019-04-03T06:52:28Z">
          <reporter-output>
          </reporter-output>
        </test-method> <!-- addOneToCart -->
        <test-method status="PASS" signature="clean()[pri:0, instance:TestProductDetails@3a8624]" name="clean" is-config="true" duration-ms="965" started-at="2019-04-03T06:52:28Z" finished-at="2019-04-03T06:52:29Z">
          <reporter-output>
          </reporter-output>
        </test-method> <!-- clean -->
        <test-method status="PASS" signature="addDifferentProductToCart()[pri:1, instance:TestProductDetails@3a8624]" name="addDifferentProductToCart" duration-ms="8160" started-at="2019-04-03T06:52:29Z" finished-at="2019-04-03T06:52:37Z">
          <reporter-output>
          </reporter-output>
        </test-method> <!-- addDifferentProductToCart -->
        <test-method status="PASS" signature="clean()[pri:0, instance:TestProductDetails@3a8624]" name="clean" is-config="true" duration-ms="907" started-at="2019-04-03T06:52:37Z" finished-at="2019-04-03T06:52:38Z">
          <reporter-output>
          </reporter-output>
        </test-method> <!-- clean -->
        <test-method status="PASS" signature="addMoreThanOneToCart()[pri:2, instance:TestProductDetails@3a8624]" name="addMoreThanOneToCart" duration-ms="7987" started-at="2019-04-03T06:52:38Z" finished-at="2019-04-03T06:52:46Z">
          <reporter-output>
          </reporter-output>
        </test-method> <!-- addMoreThanOneToCart -->
        <test-method status="PASS" signature="clean()[pri:0, instance:TestProductDetails@3a8624]" name="clean" is-config="true" duration-ms="984" started-at="2019-04-03T06:52:46Z" finished-at="2019-04-03T06:52:47Z">
          <reporter-output>
          </reporter-output>
        </test-method> <!-- clean -->
        <test-method status="PASS" signature="teardown()[pri:0, instance:TestProductDetails@3a8624]" name="teardown" is-config="true" duration-ms="638" started-at="2019-04-03T06:52:47Z" finished-at="2019-04-03T06:52:47Z">
          <reporter-output>
          </reporter-output>
        </test-method> <!-- teardown -->
      </class> <!-- TestProductDetails -->
    </test> <!-- ProductDetails -->
  </suite> <!-- Sprint 1 -->
</testng-results>
