<?xml version="1.0" encoding="UTF-8"?>
<testng-results skipped="0" failed="0" ignored="0" total="3" passed="3">
  <reporter-output>
  </reporter-output>
  <suite name="Default suite" duration-ms="38813" started-at="2019-03-25T05:38:38Z" finished-at="2019-03-25T05:39:17Z">
    <groups>
    </groups>
    <test name="Default test" duration-ms="38813" started-at="2019-03-25T05:38:38Z" finished-at="2019-03-25T05:39:17Z">
      <class name="TestProductDetails">
        <test-method status="PASS" signature="setup()[pri:0, instance:TestProductDetails@78c730]" name="setup" is-config="true" duration-ms="3861" started-at="2019-03-25T05:38:38Z" finished-at="2019-03-25T05:38:42Z">
          <reporter-output>
          </reporter-output>
        </test-method> <!-- setup -->
        <test-method status="PASS" signature="addOneToCart()[pri:0, instance:TestProductDetails@78c730]" name="addOneToCart" duration-ms="15016" started-at="2019-03-25T05:38:42Z" finished-at="2019-03-25T05:38:57Z">
          <reporter-output>
          </reporter-output>
        </test-method> <!-- addOneToCart -->
        <test-method status="PASS" signature="clean()[pri:0, instance:TestProductDetails@78c730]" name="clean" is-config="true" duration-ms="872" started-at="2019-03-25T05:38:57Z" finished-at="2019-03-25T05:38:58Z">
          <reporter-output>
          </reporter-output>
        </test-method> <!-- clean -->
        <test-method status="PASS" signature="addDifferentProductToCart()[pri:1, instance:TestProductDetails@78c730]" name="addDifferentProductToCart" duration-ms="8251" started-at="2019-03-25T05:38:58Z" finished-at="2019-03-25T05:39:06Z">
          <reporter-output>
          </reporter-output>
        </test-method> <!-- addDifferentProductToCart -->
        <test-method status="PASS" signature="clean()[pri:0, instance:TestProductDetails@78c730]" name="clean" is-config="true" duration-ms="855" started-at="2019-03-25T05:39:06Z" finished-at="2019-03-25T05:39:07Z">
          <reporter-output>
          </reporter-output>
        </test-method> <!-- clean -->
        <test-method status="PASS" signature="addMoreThanOneToCart()[pri:2, instance:TestProductDetails@78c730]" name="addMoreThanOneToCart" duration-ms="8301" started-at="2019-03-25T05:39:07Z" finished-at="2019-03-25T05:39:15Z">
          <reporter-output>
          </reporter-output>
        </test-method> <!-- addMoreThanOneToCart -->
        <test-method status="PASS" signature="clean()[pri:0, instance:TestProductDetails@78c730]" name="clean" is-config="true" duration-ms="1049" started-at="2019-03-25T05:39:15Z" finished-at="2019-03-25T05:39:16Z">
          <reporter-output>
          </reporter-output>
        </test-method> <!-- clean -->
        <test-method status="PASS" signature="teardown()[pri:0, instance:TestProductDetails@78c730]" name="teardown" is-config="true" duration-ms="606" started-at="2019-03-25T05:39:16Z" finished-at="2019-03-25T05:39:17Z">
          <reporter-output>
          </reporter-output>
        </test-method> <!-- teardown -->
      </class> <!-- TestProductDetails -->
    </test> <!-- Default test -->
  </suite> <!-- Default suite -->
</testng-results>
