<?xml version="1.0" encoding="UTF-8"?>
<!-- Generated by org.testng.reporters.JUnitXMLReporter -->
<testsuite hostname="user-PC" ignored="0" tests="3" failures="1" timestamp="25 mar 2019 09:26:33 GMT" time="19.314" errors="0">
  <testcase name="testLoginSuccessCase" time="8.656" classname="TestLogin"/>
  <testcase name="testLoginEmpty" time="1.994" classname="TestLogin"/>
  <testcase name="testLoginBadAccount" time="1.823" classname="TestLogin">
    <failure type="java.lang.AssertionError" message="expected [false] but found [true]">
      <![CDATA[java.lang.AssertionError: expected [false] but found [true]
at TestLogin.testLoginBadAccount(TestLogin.java:55)
... Removed 29 stack frames]]>
    </failure>
  </testcase> <!-- testLoginBadAccount -->
</testsuite>
